TN:
SF:src\app.ts
FN:20,(anonymous_1)
FN:25,(anonymous_2)
FNF:2
FNH:0
FNDA:0,(anonymous_1)
FNDA:0,(anonymous_2)
DA:1,2
DA:2,2
DA:3,2
DA:4,2
DA:5,2
DA:6,2
DA:8,2
DA:10,2
DA:12,2
DA:13,2
DA:15,2
DA:16,2
DA:17,2
DA:20,2
DA:21,0
DA:25,2
DA:26,0
DA:27,0
DA:30,2
LF:19
LH:16
BRF:0
BRH:0
end_of_record
TN:
SF:src\controllers\account.controller.ts
FN:5,(anonymous_9)
FN:23,(anonymous_10)
FN:36,(anonymous_11)
FN:53,(anonymous_12)
FNF:4
FNH:2
FNDA:1,(anonymous_9)
FNDA:0,(anonymous_10)
FNDA:1,(anonymous_11)
FNDA:0,(anonymous_12)
DA:2,2
DA:3,2
DA:5,2
DA:10,1
DA:11,1
DA:12,1
DA:13,0
DA:14,0
DA:16,1
DA:17,1
DA:19,0
DA:23,2
DA:28,0
DA:29,0
DA:30,0
DA:32,0
DA:36,2
DA:41,1
DA:42,1
DA:43,1
DA:44,0
DA:45,0
DA:47,1
DA:49,0
DA:53,2
DA:58,0
DA:59,0
DA:60,0
DA:62,0
LF:29
LH:15
BRDA:12,0,0,0
BRDA:43,1,0,0
BRF:2
BRH:0
end_of_record
TN:
SF:src\controllers\schedule.controller.ts
FN:5,schedule
FNF:1
FNH:0
FNDA:0,schedule
DA:2,2
DA:3,2
DA:5,2
DA:10,0
DA:11,0
DA:12,0
DA:13,0
DA:14,0
DA:16,0
DA:17,0
DA:19,0
LF:11
LH:3
BRDA:12,0,0,0
BRF:1
BRH:0
end_of_record
TN:
SF:src\controllers\transaction.controller.ts
FN:5,(anonymous_9)
FN:15,(anonymous_10)
FN:25,(anonymous_11)
FN:45,(anonymous_12)
FNF:4
FNH:3
FNDA:1,(anonymous_9)
FNDA:1,(anonymous_10)
FNDA:1,(anonymous_11)
FNDA:0,(anonymous_12)
DA:2,2
DA:3,2
DA:5,2
DA:6,1
DA:7,1
DA:8,1
DA:9,1
DA:11,0
DA:15,2
DA:16,1
DA:17,1
DA:18,1
DA:19,1
DA:21,0
DA:25,2
DA:26,1
DA:27,1
DA:28,1
DA:31,1
DA:41,0
DA:45,2
DA:46,0
DA:47,0
DA:48,0
DA:49,0
DA:51,0
LF:26
LH:18
BRF:0
BRH:0
end_of_record
TN:
SF:src\routes\account.routes.ts
FNF:0
FNH:0
DA:1,2
DA:2,2
DA:4,2
DA:6,2
DA:7,2
DA:8,2
DA:9,2
DA:11,2
LF:8
LH:8
BRF:0
BRH:0
end_of_record
TN:
SF:src\routes\schedule.routes.ts
FNF:0
FNH:0
DA:1,2
DA:2,2
DA:4,2
DA:5,2
DA:7,2
LF:5
LH:5
BRF:0
BRH:0
end_of_record
TN:
SF:src\routes\transaction.routes.ts
FNF:0
FNH:0
DA:1,2
DA:2,2
DA:9,2
DA:11,2
DA:12,2
DA:13,2
DA:14,2
DA:16,2
LF:8
LH:8
BRF:0
BRH:0
end_of_record
TN:
SF:src\services\account.service.ts
FN:4,(anonymous_0)
FN:8,(anonymous_1)
FN:12,(anonymous_2)
FN:16,(anonymous_3)
FNF:4
FNH:2
FNDA:2,(anonymous_0)
FNDA:0,(anonymous_1)
FNDA:1,(anonymous_2)
FNDA:0,(anonymous_3)
DA:1,3
DA:4,3
DA:5,2
DA:8,3
DA:9,0
DA:12,3
DA:13,1
DA:16,3
DA:17,0
LF:9
LH:7
BRF:0
BRH:0
end_of_record
TN:
SF:src\services\schedule.service.ts
FN:4,scheduleTransaction
FNF:1
FNH:1
FNDA:1,scheduleTransaction
DA:1,3
DA:4,3
DA:5,1
DA:6,1
LF:4
LH:4
BRDA:11,0,0,0
BRDA:11,0,1,1
BRF:2
BRH:1
end_of_record
TN:
SF:src\services\transaction.service.ts
FN:9,(anonymous_0)
FN:10,(anonymous_1)
FN:22,(anonymous_2)
FN:23,(anonymous_3)
FN:39,(anonymous_4)
FN:40,(anonymous_5)
FN:60,(anonymous_6)
FNF:7
FNH:6
FNDA:3,(anonymous_0)
FNDA:3,(anonymous_1)
FNDA:2,(anonymous_2)
FNDA:2,(anonymous_3)
FNDA:2,(anonymous_4)
FNDA:2,(anonymous_5)
FNDA:0,(anonymous_6)
DA:2,3
DA:9,3
DA:10,3
DA:11,3
DA:12,3
DA:16,3
DA:22,3
DA:23,2
DA:24,2
DA:25,2
DA:26,2
DA:27,1
DA:29,1
DA:33,1
DA:39,3
DA:40,2
DA:41,2
DA:42,2
DA:43,2
DA:44,0
DA:46,2
DA:50,2
DA:54,2
DA:60,3
DA:61,0
LF:25
LH:23
BRDA:26,0,0,1
BRDA:43,1,0,0
BRF:2
BRH:1
end_of_record
TN:
SF:src\utils\prisma.ts
FNF:0
FNH:0
DA:1,5
DA:3,5
LF:2
LH:2
BRF:0
BRH:0
end_of_record
TN:
SF:src\validators\account.validator.ts
FN:6,(anonymous_0)
FNF:1
FNH:0
FNDA:0,(anonymous_0)
DA:1,2
DA:3,2
DA:6,0
LF:3
LH:2
BRF:0
BRH:0
end_of_record
TN:
SF:src\validators\schedule.validator.ts
FN:7,(anonymous_0)
FNF:1
FNH:0
FNDA:0,(anonymous_0)
DA:1,2
DA:3,2
DA:7,0
LF:3
LH:2
BRF:0
BRH:0
end_of_record
TN:
SF:src\validators\transaction.validator.ts
FNF:0
FNH:0
DA:1,2
DA:3,2
DA:8,2
DA:12,2
DA:16,2
LF:5
LH:5
BRF:0
BRH:0
end_of_record
